timestamp: 2009-01-07T20:43:55.187000
CREATE TABLE t2_person(
	id INTEGER PRIMARY KEY AUTOINCREMENT,
	name CHAR(32),
	email CHAR(32),
	registration_key CHAR(64),
	password CHAR(32),
	created_signature CHAR(32),
	created_by_ip CHAR(32),
	created_by INTEGER,
	created_on TIMESTAMP,
	modified_signature CHAR(32),
	modified_by INTEGER,
	modified_on TIMESTAMP
);
success!
timestamp: 2009-01-07T20:43:55.265000
CREATE TABLE t2_group(
	id INTEGER PRIMARY KEY AUTOINCREMENT,
	name CHAR(32),
	description TEXT,
	created_signature CHAR(32),
	created_by_ip CHAR(32),
	created_by INTEGER,
	created_on TIMESTAMP,
	modified_signature CHAR(32),
	modified_by INTEGER,
	modified_on TIMESTAMP
);
success!
timestamp: 2009-01-07T20:43:55.437000
CREATE TABLE t2_membership(
	id INTEGER PRIMARY KEY AUTOINCREMENT,
	person_id REFERENCES t2_person(id) ON DELETE CASCADE,
	group_id REFERENCES t2_group(id) ON DELETE CASCADE,
	membership_type CHAR(32),
	status CHAR(32),
	created_signature CHAR(32),
	created_by_ip CHAR(32),
	created_by INTEGER,
	created_on TIMESTAMP,
	modified_signature CHAR(32),
	modified_by INTEGER,
	modified_on TIMESTAMP
);
success!
timestamp: 2009-01-07T20:43:55.546000
CREATE TABLE t2_access(
	id INTEGER PRIMARY KEY AUTOINCREMENT,
	group_id REFERENCES t2_group(id) ON DELETE CASCADE,
	table_name CHAR(32),
	record_id INTEGER,
	access_type CHAR(32),
	created_signature CHAR(32),
	created_by_ip CHAR(32),
	created_by INTEGER,
	created_on TIMESTAMP,
	modified_signature CHAR(32),
	modified_by INTEGER,
	modified_on TIMESTAMP
);
success!
timestamp: 2009-01-07T20:43:55.640000
CREATE TABLE t2_attachment(
	id INTEGER PRIMARY KEY AUTOINCREMENT,
	table_name CHAR(32),
	record_id INTEGER,
	name CHAR(32),
	description TEXT,
	file CHAR(128),
	file_data BLOB,
	filename CHAR(32),
	status CHAR(32),
	created_signature CHAR(32),
	created_by_ip CHAR(32),
	created_by INTEGER,
	created_on TIMESTAMP,
	modified_signature CHAR(32),
	modified_by INTEGER,
	modified_on TIMESTAMP
);
success!
timestamp: 2009-01-07T20:43:55.750000
CREATE TABLE t2_comment(
	id INTEGER PRIMARY KEY AUTOINCREMENT,
	table_name CHAR(32),
	record_id INTEGER,
	parent_record INTEGER,
	body TEXT,
	status CHAR(32),
	created_signature CHAR(32),
	created_by_ip CHAR(32),
	created_by INTEGER,
	created_on TIMESTAMP,
	modified_signature CHAR(32),
	modified_by INTEGER,
	modified_on TIMESTAMP
);
success!
timestamp: 2009-01-07T20:43:55.875000
CREATE TABLE t2_review(
	id INTEGER PRIMARY KEY AUTOINCREMENT,
	table_name CHAR(32),
	record_id INTEGER,
	rating INTEGER,
	body TEXT,
	status CHAR(32),
	created_signature CHAR(32),
	created_by_ip CHAR(32),
	created_by INTEGER,
	created_on TIMESTAMP,
	modified_signature CHAR(32),
	modified_by INTEGER,
	modified_on TIMESTAMP
);
success!
timestamp: 2009-01-07T20:43:56
CREATE TABLE t2_wiki(
	id INTEGER PRIMARY KEY AUTOINCREMENT,
	name CHAR(32),
	title CHAR(32),
	menu CHAR(1),
	public CHAR(1),
	body TEXT,
	created_signature CHAR(32),
	created_by_ip CHAR(32),
	created_by INTEGER,
	created_on TIMESTAMP,
	modified_signature CHAR(32),
	modified_by INTEGER,
	modified_on TIMESTAMP
);
success!
timestamp: 2009-01-07T20:43:56.125000
CREATE TABLE default_setting(
	id INTEGER PRIMARY KEY AUTOINCREMENT,
	admin_name CHAR(32),
	admin_email CHAR(32),
	admin_tel CHAR(32),
	debug CHAR(1)
);
success!
timestamp: 2009-01-07T20:43:56.234000
CREATE TABLE module(
	id INTEGER PRIMARY KEY AUTOINCREMENT,
	name CHAR(32),
	name_nice CHAR(32),
	menu_priority INTEGER,
	description CHAR(256),
	enabled CHAR(1)
);
success!
timestamp: 2009-01-07T20:43:56.625000
CREATE TABLE default_menu_option(
	id INTEGER PRIMARY KEY AUTOINCREMENT,
	name CHAR(32),
	function CHAR(32),
	description CHAR(256),
	priority INTEGER,
	enabled CHAR(1)
);
success!
timestamp: 2009-01-07T20:43:56.859000
CREATE TABLE gis_menu_option(
	id INTEGER PRIMARY KEY AUTOINCREMENT,
	name CHAR(32),
	function CHAR(32),
	description CHAR(256),
	priority INTEGER,
	enabled CHAR(1)
);
success!
timestamp: 2009-01-07T20:43:57.312000
CREATE TABLE gis_marker(
	id INTEGER PRIMARY KEY AUTOINCREMENT,
	modified_on TIMESTAMP,
	uuid CHAR(64),
	name CHAR(32),
	height INTEGER,
	width INTEGER,
	image CHAR(128)
);
success!
timestamp: 2009-01-07T20:43:57.921000
CREATE TABLE gis_projection(
	id INTEGER PRIMARY KEY AUTOINCREMENT,
	modified_on TIMESTAMP,
	uuid CHAR(64),
	name CHAR(32),
	epsg INTEGER,
	maxExtent CHAR(32),
	maxResolution DOUBLE,
	units CHAR(32)
);
success!
timestamp: 2009-01-07T20:43:58.093000
CREATE TABLE gis_config(
	id INTEGER PRIMARY KEY AUTOINCREMENT,
	lat CHAR(32),
	lon CHAR(32),
	zoom INTEGER,
	projection REFERENCES gis_projection(id) ON DELETE CASCADE,
	marker REFERENCES gis_marker(id) ON DELETE CASCADE,
	map_height CHAR(32),
	map_width CHAR(32)
);
success!
timestamp: 2009-01-07T20:43:58.359000
CREATE TABLE gis_feature_class(
	id INTEGER PRIMARY KEY AUTOINCREMENT,
	modified_on TIMESTAMP,
	uuid CHAR(64),
	name CHAR(32),
	marker CHAR(64)
);
success!
timestamp: 2009-01-07T20:43:58.625000
CREATE TABLE gis_feature_metadata(
	id INTEGER PRIMARY KEY AUTOINCREMENT,
	created_on TIMESTAMP,
	created_by REFERENCES t2_person(id) ON DELETE CASCADE,
	modified_on TIMESTAMP,
	modified_by REFERENCES t2_person(id) ON DELETE CASCADE,
	uuid CHAR(64),
	description CHAR(256),
	contact CHAR(64),
	source CHAR(32),
	accuracy CHAR(32),
	sensitivity CHAR(32),
	event_time TIMESTAMP,
	expiry_time TIMESTAMP,
	url CHAR(32),
	image CHAR(128)
);
success!
timestamp: 2009-01-07T20:43:58.750000
CREATE TABLE gis_feature(
	id INTEGER PRIMARY KEY AUTOINCREMENT,
	modified_on TIMESTAMP,
	uuid CHAR(64),
	name CHAR(32),
	feature_class CHAR(64),
	metadata CHAR(64),
	type CHAR(32),
	lat CHAR(32),
	lon CHAR(32)
);
success!
timestamp: 2009-01-07T20:43:58.875000
CREATE TABLE gis_feature_group(
	id INTEGER PRIMARY KEY AUTOINCREMENT,
	modified_on TIMESTAMP,
	uuid CHAR(64),
	name CHAR(32),
	description CHAR(256),
	features TEXT,
	author REFERENCES t2_person(id) ON DELETE CASCADE
);
success!
timestamp: 2009-01-07T20:43:59
CREATE TABLE gis_feature_group_to_feature(
	id INTEGER PRIMARY KEY AUTOINCREMENT,
	modified_on TIMESTAMP,
	feature_group CHAR(64),
	feature CHAR(64)
);
success!
timestamp: 2009-01-07T20:43:59.125000
CREATE TABLE gis_apikey(
	id INTEGER PRIMARY KEY AUTOINCREMENT,
	modified_on TIMESTAMP,
	service CHAR(32),
	apikey CHAR(32),
	description CHAR(256)
);
success!
timestamp: 2009-01-07T20:43:59.281000
CREATE TABLE gis_layer_openstreetmap(
	id INTEGER PRIMARY KEY AUTOINCREMENT,
	subtype CHAR(32),
	modified_on TIMESTAMP,
	name CHAR(32),
	description CHAR(256),
	enabled CHAR(1)
);
success!
timestamp: 2009-01-07T20:43:59.546000
CREATE TABLE gis_layer_google(
	id INTEGER PRIMARY KEY AUTOINCREMENT,
	subtype CHAR(32),
	modified_on TIMESTAMP,
	name CHAR(32),
	description CHAR(256),
	enabled CHAR(1)
);
success!
timestamp: 2009-01-07T20:43:59.781000
CREATE TABLE gis_layer_yahoo(
	id INTEGER PRIMARY KEY AUTOINCREMENT,
	subtype CHAR(32),
	modified_on TIMESTAMP,
	name CHAR(32),
	description CHAR(256),
	enabled CHAR(1)
);
success!
timestamp: 2009-01-07T20:44:00.015000
CREATE TABLE gis_layer_virtualearth(
	id INTEGER PRIMARY KEY AUTOINCREMENT,
	subtype CHAR(32),
	modified_on TIMESTAMP,
	name CHAR(32),
	description CHAR(256),
	enabled CHAR(1)
);
success!
timestamp: 2009-01-07T20:44:00.250000
CREATE TABLE gis_style(
	id INTEGER PRIMARY KEY AUTOINCREMENT,
	modified_on TIMESTAMP,
	name CHAR(32)
);
success!
timestamp: 2009-01-07T20:44:00.562000
CREATE TABLE gis_webmapcontext(
	id INTEGER PRIMARY KEY AUTOINCREMENT,
	modified_on TIMESTAMP,
	user REFERENCES t2_person(id) ON DELETE CASCADE
);
success!
timestamp: 2009-01-07T20:44:00.687000
CREATE TABLE pr_menu_option(
	id INTEGER PRIMARY KEY AUTOINCREMENT,
	name CHAR(32),
	function CHAR(32),
	description CHAR(256),
	priority INTEGER,
	enabled CHAR(1)
);
success!
timestamp: 2009-01-07T20:44:00.781000
CREATE TABLE pr_person(
	id INTEGER PRIMARY KEY AUTOINCREMENT,
	modified_on TIMESTAMP,
	uuid CHAR(64),
	full_name CHAR(32),
	family_name CHAR(32),
	l10_name CHAR(32)
);
success!
timestamp: 2009-01-07T20:44:01
CREATE TABLE pr_person_contact(
	id INTEGER PRIMARY KEY AUTOINCREMENT,
	modified_on TIMESTAMP,
	pr_person CHAR(64),
	opt_contact_type CHAR(32),
	contact_value CHAR(32)
);
success!
timestamp: 2009-01-07T20:44:01.109000
CREATE TABLE pr_person_identity(
	id INTEGER PRIMARY KEY AUTOINCREMENT,
	modified_on TIMESTAMP,
	pr_person CHAR(64),
	opt_id_type CHAR(32),
	id_value CHAR(32)
);
success!
timestamp: 2009-01-07T20:44:01.234000
CREATE TABLE pr_person_details(
	id INTEGER PRIMARY KEY AUTOINCREMENT,
	modified_on TIMESTAMP,
	pr_person CHAR(64),
	next_kin CHAR(64),
	birth_date DATE,
	opt_age_group CHAR(32),
	relation CHAR(32),
	opt_country CHAR(32),
	opt_race CHAR(32),
	opt_religion CHAR(32),
	opt_marital_status CHAR(32),
	opt_gender CHAR(32),
	occupation CHAR(32)
);
success!
timestamp: 2009-01-07T20:44:01.421000
CREATE TABLE pr_person_status(
	id INTEGER PRIMARY KEY AUTOINCREMENT,
	modified_on TIMESTAMP,
	pr_person CHAR(64),
	isReliefWorker CHAR(1),
	isVictim CHAR(1),
	opt_status CHAR(32),
	id_value CHAR(32)
);
success!
timestamp: 2009-01-07T20:44:01.546000
CREATE TABLE pr_person_physical(
	id INTEGER PRIMARY KEY AUTOINCREMENT,
	modified_on TIMESTAMP,
	pr_person CHAR(64),
	height CHAR(32),
	weight CHAR(32),
	opt_blood_type CHAR(32),
	opt_eye_color CHAR(32),
	opt_skin_color CHAR(32),
	opt_hair_color CHAR(32),
	injuries CHAR(32),
	comments CHAR(256)
);
success!
timestamp: 2009-01-07T20:44:01.656000
CREATE TABLE pr_person_missing(
	id INTEGER PRIMARY KEY AUTOINCREMENT,
	modified_on TIMESTAMP,
	pr_person CHAR(64),
	last_seen CHAR(32),
	last_clothing CHAR(32),
	comments CHAR(256)
);
success!
timestamp: 2009-01-07T20:44:01.765000
CREATE TABLE pr_person_deceased(
	id INTEGER PRIMARY KEY AUTOINCREMENT,
	modified_on TIMESTAMP,
	pr_person CHAR(64),
	details CHAR(32),
	date_of_death DATE,
	place_of_death CHAR(32),
	comments CHAR(256)
);
success!
timestamp: 2009-01-07T20:44:01.875000
CREATE TABLE pr_person_report(
	id INTEGER PRIMARY KEY AUTOINCREMENT,
	modified_on TIMESTAMP,
	pr_person CHAR(64),
	reporter CHAR(64),
	relation CHAR(32)
);
success!
timestamp: 2009-01-07T20:44:01.984000
CREATE TABLE pr_person_group(
	id INTEGER PRIMARY KEY AUTOINCREMENT,
	modified_on TIMESTAMP,
	uuid CHAR(64),
	name CHAR(32),
	opt_group_type CHAR(32)
);
success!
timestamp: 2009-01-07T20:44:02.093000
CREATE TABLE pr_person_group_details(
	id INTEGER PRIMARY KEY AUTOINCREMENT,
	modified_on TIMESTAMP,
	pr_person_group CHAR(64),
	head CHAR(64),
	no_of_adult_males INTEGER,
	no_of_adult_females INTEGER,
	no_of_children INTEGER,
	no_displaced INTEGER,
	no_missing INTEGER,
	no_dead INTEGER,
	no_rehabilitated INTEGER,
	checklist CHAR(32),
	description CHAR(256)
);
success!
timestamp: 2009-01-07T20:44:02.203000
CREATE TABLE pr_person_to_group(
	id INTEGER PRIMARY KEY AUTOINCREMENT,
	modified_on TIMESTAMP,
	pr_person CHAR(64),
	pr_person_group CHAR(64)
);
success!
timestamp: 2009-01-07T20:44:02.343000
CREATE TABLE cr_menu_option(
	id INTEGER PRIMARY KEY AUTOINCREMENT,
	name CHAR(32),
	function CHAR(32),
	description CHAR(256),
	priority INTEGER,
	enabled CHAR(1)
);
success!
timestamp: 2009-01-07T20:44:02.453000
CREATE TABLE cr_shelter(
	id INTEGER PRIMARY KEY AUTOINCREMENT,
	modified_on TIMESTAMP,
	uuid CHAR(64),
	name CHAR(32),
	description CHAR(256),
	address TEXT,
	capacity INTEGER,
	dwellings INTEGER,
	persons_per_dwelling INTEGER,
	area CHAR(32),
	contact CHAR(64),
	location CHAR(64)
);
success!
timestamp: 2009-01-07T20:44:02.687000
CREATE TABLE dvr_menu_option(
	id INTEGER PRIMARY KEY AUTOINCREMENT,
	name CHAR(32),
	function CHAR(32),
	description CHAR(256),
	priority INTEGER,
	enabled CHAR(1)
);
success!
timestamp: 2009-01-07T20:44:02.812000
CREATE TABLE ims_menu_option(
	id INTEGER PRIMARY KEY AUTOINCREMENT,
	name CHAR(32),
	function CHAR(32),
	description CHAR(256),
	priority INTEGER,
	enabled CHAR(1)
);
success!
timestamp: 2009-01-07T20:44:02.937000
CREATE TABLE mpr_menu_option(
	id INTEGER PRIMARY KEY AUTOINCREMENT,
	name CHAR(32),
	function CHAR(32),
	description CHAR(256),
	priority INTEGER,
	enabled CHAR(1)
);
success!
timestamp: 2009-01-07T20:44:03.062000
CREATE TABLE or_menu_option(
	id INTEGER PRIMARY KEY AUTOINCREMENT,
	name CHAR(32),
	function CHAR(32),
	description CHAR(256),
	priority INTEGER,
	enabled CHAR(1)
);
success!
timestamp: 2009-01-07T20:44:03.203000
CREATE TABLE or_organisation_type(
	id INTEGER PRIMARY KEY AUTOINCREMENT,
	name CHAR(32),
	description CHAR(256)
);
success!
timestamp: 2009-01-07T20:44:03.453000
CREATE TABLE or_organisation(
	id INTEGER PRIMARY KEY AUTOINCREMENT,
	modified_on TIMESTAMP,
	uuid CHAR(64),
	name CHAR(32),
	parent CHAR(64),
	type REFERENCES or_organisation_type(id) ON DELETE CASCADE,
	registration CHAR(32),
	manpower CHAR(32),
	equipment CHAR(32),
	privacy INTEGER,
	archived CHAR(1),
	address TEXT,
	contact CHAR(64),
	location CHAR(64)
);
success!
timestamp: 2009-01-07T20:44:03.578000
CREATE TABLE rms_menu_option(
	id INTEGER PRIMARY KEY AUTOINCREMENT,
	name CHAR(32),
	function CHAR(32),
	description CHAR(256),
	priority INTEGER,
	enabled CHAR(1)
);
success!
timestamp: 2009-01-07T20:44:03.703000
CREATE TABLE vol_menu_option(
	id INTEGER PRIMARY KEY AUTOINCREMENT,
	name CHAR(32),
	function CHAR(32),
	description CHAR(256),
	priority INTEGER,
	enabled CHAR(1)
);
success!
